<?xml version="1.0" encoding="UTF-8"?>
<!-- Generated by org.testng.reporters.JUnitReportReporter -->
<testsuite hostname="LAPTOP-4394Q7SE" failures="0" tests="4" name="TestScript.test1" time="0.012" errors="0" timestamp="08 Jun 2023 00:51:11 GMT" skipped="0">
  <testcase classname="TestScript.test1" name="Openingpage" time="0.006"/>
  <testcase classname="TestScript.test1" name="title" time="0.001"/>
  <testcase classname="TestScript.test1" name="url" time="0.003"/>
  <testcase classname="TestScript.test1" name="CLose" time="0.002"/>
</testsuite> <!-- TestScript.test1 -->
